<?xml version="1.0" encoding="UTF-8"?>
<testng-results ignored="0" total="1" passed="1" failed="0" skipped="0">
  <reporter-output>
  </reporter-output>
  <suite started-at="2022-10-19T18:12:36 IST" name="Suite" finished-at="2022-10-19T18:12:45 IST" duration-ms="8643">
    <groups>
    </groups>
    <test started-at="2022-10-19T18:12:36 IST" name="Test" finished-at="2022-10-19T18:12:45 IST" duration-ms="8643">
      <class name="QAclick8.UTTest">
        <test-method signature="startBrowser()[pri:0, instance:QAclick8.UTTest@6cc558c6]" started-at="2022-10-19T18:12:36 IST" name="startBrowser" finished-at="2022-10-19T18:12:45 IST" duration-ms="8612" status="PASS">
          <reporter-output>
          </reporter-output>
        </test-method> <!-- startBrowser -->
      </class> <!-- QAclick8.UTTest -->
    </test> <!-- Test -->
  </suite> <!-- Suite -->
</testng-results>
